#
# A fatal error has been detected by the Java Runtime Environment:
#
#  EXCEPTION_ACCESS_VIOLATION (0xc0000005) at pc=0x000000006dbe7a7f, pid=4076, tid=3088
#
# JRE version: 6.0_18-b07
# Java VM: Java HotSpot(TM) 64-Bit Server VM (16.0-b13 mixed mode windows-amd64 )
# Problematic frame:
# V  [jvm.dll+0x3f7a7f]
#
# If you would like to submit a bug report, please visit:
#   http://java.sun.com/webapps/bugreport/crash.jsp
#

---------------  T H R E A D  ---------------

Current thread (0x0000000000460800):  GCTaskThread [stack: 0x00000000399b0000,0x0000000039ab0000] [id=3088]

siginfo: ExceptionCode=0xc0000005, reading address 0xffffffffffffffff

Registers:
EAX=0x4060400000000000, EBX=0x000000000c320fa8, ECX=0x00000000004fd0a0, EDX=0x0000000000000000
ESP=0x0000000039aafb00, EBP=0x0000000000000000, ESI=0x00000000004fd0a0, EDI=0x0000000029df25e0
EIP=0x000000006dbe7a7f, EFLAGS=0x0000000000010246

Top of Stack: (sp=0x0000000039aafb00)
0x0000000039aafb00:   000000002a068798 0000000000000006
0x0000000039aafb10:   00000000004fd0a0 000000006d97e701
0x0000000039aafb20:   000000000c53d008 000025f80000302a
0x0000000039aafb30:   000000000c760ab8 0000000000000400
0x0000000039aafb40:   0000000000461578 00000000004611a0
0x0000000039aafb50:   000000003e959cc0 0000000000000001
0x0000000039aafb60:   00000000004f36f0 00000000004fd0a0
0x0000000039aafb70:   0000000000000000 000000006dbeb940
0x0000000039aafb80:   0000000000000000 0000000000000000
0x0000000039aafb90:   00000000004fd001 000000000c320fa8
0x0000000039aafba0:   0000000000000011 000000000c320fa8
0x0000000039aafbb0:   000000003e959cc0 000000006d991354
0x0000000039aafbc0:   0000000000461190 000000000045cc90
0x0000000039aafbd0:   000000003e959cc0 0000000000000000
0x0000000039aafbe0:   000000006dd580f0 000000006d992010
0x0000000039aafbf0:   0000000000460800 000000006dd57f40 

Instructions: (pc=0x000000006dbe7a7f)
0x000000006dbe7a6f:   48 d3 e0 48 03 05 5f c0 21 00 eb 04 48 8b 47 08
0x000000006dbe7a7f:   48 63 48 18 4c 8d 40 10 8b c1 c1 f8 03 85 c9 7f 


Stack: [0x00000000399b0000,0x0000000039ab0000],  sp=0x0000000039aafb00,  free space=3fe0000000000000000k
Native frames: (J=compiled Java code, j=interpreted, Vv=VM code, C=native code)
V  [jvm.dll+0x3f7a7f]

[error occurred during error reporting (printing native stack), id 0xc0000005]


---------------  P R O C E S S  ---------------

Java Threads: ( => current thread )
  0x000000003e83a000 JavaThread "Thread-18" [_thread_blocked, id=3912, stack(0x0000000044180000,0x0000000044280000)]
  0x000000003e83a800 JavaThread "Thread-17" [_thread_blocked, id=2676, stack(0x0000000042450000,0x0000000042550000)]
  0x000000003e83c000 JavaThread "Thread-16" [_thread_blocked, id=3044, stack(0x0000000042350000,0x0000000042450000)]
  0x000000003e83b800 JavaThread "Thread-15" [_thread_blocked, id=5040, stack(0x0000000040640000,0x0000000040740000)]
  0x000000003e838800 JavaThread "Thread-14" [_thread_blocked, id=3316, stack(0x000000003f470000,0x000000003f570000)]
  0x000000003e838000 JavaThread "Thread-13" [_thread_blocked, id=3512, stack(0x000000003f370000,0x000000003f470000)]
  0x000000003e83d800 JavaThread "AWT-EventQueue-0" [_thread_blocked, id=1488, stack(0x000000003f570000,0x000000003f670000)]
  0x000000003ea41800 JavaThread "TimerQueue" daemon [_thread_blocked, id=3524, stack(0x0000000042fb0000,0x00000000430b0000)]
  0x000000003e93d800 JavaThread "D3D Screen Updater" daemon [_thread_blocked, id=4456, stack(0x0000000041160000,0x0000000041260000)]
  0x000000000021b800 JavaThread "DestroyJavaVM" [_thread_blocked, id=716, stack(0x0000000002040000,0x0000000002140000)]
  0x000000003e7ef000 JavaThread "Headspace mixer frame proc thread" daemon [_thread_blocked, id=4476, stack(0x0000000040170000,0x0000000040270000)]
  0x000000003a2d0000 JavaThread "Java Sound Event Dispatcher" daemon [_thread_blocked, id=3384, stack(0x000000003f270000,0x000000003f370000)]
  0x000000003a1e7000 JavaThread "AWT-Windows" daemon [_thread_in_native, id=4436, stack(0x000000003add0000,0x000000003aed0000)]
  0x000000003a1e6000 JavaThread "AWT-Shutdown" [_thread_blocked, id=2932, stack(0x000000003acd0000,0x000000003add0000)]
  0x000000003a1e4800 JavaThread "Java2D Disposer" daemon [_thread_blocked, id=1356, stack(0x000000003aaa0000,0x000000003aba0000)]
  0x000000000052d000 JavaThread "Low Memory Detector" daemon [_thread_blocked, id=1504, stack(0x000000003a6e0000,0x000000003a7e0000)]
  0x000000000052a800 JavaThread "CompilerThread1" daemon [_thread_blocked, id=3488, stack(0x000000003a5e0000,0x000000003a6e0000)]
  0x0000000000522800 JavaThread "CompilerThread0" daemon [_thread_blocked, id=4344, stack(0x000000003a4e0000,0x000000003a5e0000)]
  0x0000000000520800 JavaThread "Attach Listener" daemon [_thread_blocked, id=1164, stack(0x000000003a3e0000,0x000000003a4e0000)]
  0x000000000051f800 JavaThread "Signal Dispatcher" daemon [_thread_blocked, id=2584, stack(0x000000003a2e0000,0x000000003a3e0000)]
  0x000000000050c800 JavaThread "Finalizer" daemon [_thread_blocked, id=4900, stack(0x0000000039fe0000,0x000000003a0e0000)]
  0x0000000000503800 JavaThread "Reference Handler" daemon [_thread_blocked, id=4896, stack(0x0000000039ee0000,0x0000000039fe0000)]

Other Threads:
  0x00000000004ff000 VMThread [stack: 0x0000000039de0000,0x0000000039ee0000] [id=4764]
  0x000000000052f000 WatcherThread [stack: 0x000000003a7e0000,0x000000003a8e0000] [id=2412]

=>0x0000000000460800 (exited) GCTaskThread [stack: 0x00000000399b0000,0x0000000039ab0000] [id=3088]

VM state:at safepoint (normal execution)

VM Mutex/Monitor currently owned by a thread:  ([mutex/lock_event])
[0x00000000002196d0] Threads_lock - owner thread: 0x00000000004ff000
[0x0000000000219bd0] Heap_lock - owner thread: 0x000000003e838000

Heap
 PSYoungGen      total 5120K, used 5120K [0x0000000029b60000, 0x000000002a0a0000, 0x0000000039600000)
  eden space 4992K, 100% used [0x0000000029b60000,0x000000002a040000,0x000000002a040000)
  from space 128K, 100% used [0x000000002a070000,0x000000002a090000,0x000000002a090000)
  to   space 192K, 100% used [0x000000002a040000,0x000000002a070000,0x000000002a070000)
 PSOldGen        total 43648K, used 34186K [0x000000000a600000, 0x000000000d0a0000, 0x0000000029b60000)
  object space 43648K, 78% used [0x000000000a600000,0x000000000c762ab8,0x000000000d0a0000)
 PSPermGen       total 45120K, used 20277K [0x0000000005200000, 0x0000000007e10000, 0x000000000a600000)
  object space 45120K, 44% used [0x0000000005200000,0x00000000065cd630,0x0000000007e10000)

Dynamic libraries:
0x0000000000400000 - 0x000000000042e000 	C:\Program Files\Java\jre6\bin\javaw.exe
0x0000000077590000 - 0x000000007773b000 	C:\Windows\SYSTEM32\ntdll.dll
0x0000000077470000 - 0x000000007758f000 	C:\Windows\system32\kernel32.dll
0x000007fefd850000 - 0x000007fefd8bb000 	C:\Windows\system32\KERNELBASE.dll
0x000007feff0b0000 - 0x000007feff18b000 	C:\Windows\system32\ADVAPI32.dll
0x000007fefeda0000 - 0x000007fefee3f000 	C:\Windows\system32\msvcrt.dll
0x000007fefd8c0000 - 0x000007fefd8df000 	C:\Windows\SYSTEM32\sechost.dll
0x000007fefeba0000 - 0x000007fefecce000 	C:\Windows\system32\RPCRT4.dll
0x0000000077370000 - 0x000000007746a000 	C:\Windows\system32\USER32.dll
0x000007fefeb30000 - 0x000007fefeb97000 	C:\Windows\system32\GDI32.dll
0x000007fefee40000 - 0x000007fefee4e000 	C:\Windows\system32\LPK.dll
0x000007feff190000 - 0x000007feff25a000 	C:\Windows\system32\USP10.dll
0x000007fefda10000 - 0x000007fefda3e000 	C:\Windows\system32\IMM32.DLL
0x000007fefdb00000 - 0x000007fefdc09000 	C:\Windows\system32\MSCTF.dll
0x000000006d7f0000 - 0x000000006de95000 	C:\Program Files\Java\jre6\bin\server\jvm.dll
0x000007fef8090000 - 0x000007fef80cb000 	C:\Windows\system32\WINMM.dll
0x000000006d760000 - 0x000000006d76e000 	C:\Program Files\Java\jre6\bin\verify.dll
0x000000006d3b0000 - 0x000000006d3d7000 	C:\Program Files\Java\jre6\bin\java.dll
0x000000006d310000 - 0x000000006d31a000 	C:\Program Files\Java\jre6\bin\hpi.dll
0x0000000077760000 - 0x0000000077767000 	C:\Windows\system32\PSAPI.DLL
0x000000006d7b0000 - 0x000000006d7c2000 	C:\Program Files\Java\jre6\bin\zip.dll
0x000000006d000000 - 0x000000006d1c2000 	C:\Program Files\Java\jre6\bin\awt.dll
0x000007fefa620000 - 0x000007fefa690000 	C:\Windows\system32\WINSPOOL.DRV
0x000007fefee50000 - 0x000007feff051000 	C:\Windows\system32\ole32.dll
0x000007fefdc20000 - 0x000007fefe9a6000 	C:\Windows\system32\SHELL32.dll
0x000007fefed20000 - 0x000007fefed91000 	C:\Windows\system32\SHLWAPI.dll
0x000007fefc120000 - 0x000007fefc314000 	C:\Windows\WinSxS\amd64_microsoft.windows.common-controls_6595b64144ccf1df_6.0.7600.16385_none_fa645303170382f6\COMCTL32.dll
0x000007fefb970000 - 0x000007fefb988000 	C:\Windows\system32\DWMAPI.DLL
0x000007fefbda0000 - 0x000007fefbdf6000 	C:\Windows\system32\uxtheme.dll
0x000007fefd420000 - 0x000007fefd42f000 	C:\Windows\system32\CRYPTBASE.dll
0x000000006d2a0000 - 0x000000006d30b000 	C:\Program Files\Java\jre6\bin\fontmanager.dll
0x000007feeaf80000 - 0x000007feeb17f000 	C:\Windows\system32\d3d9.dll
0x000007fefc610000 - 0x000007fefc61c000 	C:\Windows\system32\VERSION.dll
0x000007fef6240000 - 0x000007fef6247000 	C:\Windows\system32\d3d8thk.dll
0x000007fef6230000 - 0x000007fef623b000 	C:\Windows\system32\atiu9p64.dll
0x000000006b880000 - 0x000000006bd1d000 	C:\Windows\system32\atiumd64.dll
0x000000003b850000 - 0x000000003bb00000 	C:\Windows\system32\atiumd6a.dll
0x000000006d510000 - 0x000000006d53e000 	C:\Program Files\Java\jre6\bin\jsound.dll
0x000007fefb990000 - 0x000007fefb9db000 	C:\Windows\system32\MMDevAPI.DLL
0x000007fefbfa0000 - 0x000007fefc0cc000 	C:\Windows\system32\PROPSYS.dll
0x000007fefea50000 - 0x000007fefeb27000 	C:\Windows\system32\OLEAUT32.dll
0x000007fef68e0000 - 0x000007fef691b000 	C:\Windows\system32\wdmaud.drv
0x00000000745e0000 - 0x00000000745e6000 	C:\Windows\system32\ksuser.dll
0x000007fefb740000 - 0x000007fefb749000 	C:\Windows\system32\AVRT.dll
0x000007feff640000 - 0x000007feff817000 	C:\Windows\system32\SETUPAPI.dll
0x000007fefd810000 - 0x000007fefd846000 	C:\Windows\system32\CFGMGR32.dll
0x000007fefd640000 - 0x000007fefd65a000 	C:\Windows\system32\DEVOBJ.dll
0x000007fef6e00000 - 0x000007fef6e4f000 	C:\Windows\system32\AUDIOSES.DLL
0x000007fef68d0000 - 0x000007fef68da000 	C:\Windows\system32\msacm32.drv
0x000007fef68a0000 - 0x000007fef68b8000 	C:\Windows\system32\MSACM32.dll
0x000007fef6890000 - 0x000007fef6899000 	C:\Windows\system32\midimap.dll
0x000007fefda60000 - 0x000007fefdaf9000 	C:\Windows\system32\CLBCatQ.DLL
0x000007fefcdc0000 - 0x000007fefcdd7000 	C:\Windows\system32\CRYPTSP.dll
0x000007fefcac0000 - 0x000007fefcb07000 	C:\Windows\system32\rsaenh.dll
0x000007fefc840000 - 0x000007fefc85e000 	C:\Windows\system32\USERENV.dll
0x000007fefd4f0000 - 0x000007fefd4ff000 	C:\Windows\system32\profapi.dll
0x000000006d600000 - 0x000000006d617000 	C:\Program Files\Java\jre6\bin\net.dll
0x000007fefecd0000 - 0x000007fefed1d000 	C:\Windows\system32\WS2_32.dll
0x000007fefdc10000 - 0x000007fefdc18000 	C:\Windows\system32\NSI.dll
0x000007fefcd60000 - 0x000007fefcdb4000 	C:\Windows\system32\mswsock.dll
0x000007fefcd50000 - 0x000007fefcd57000 	C:\Windows\System32\wship6.dll
0x000007fefb140000 - 0x000007fefb155000 	C:\Windows\system32\NLAapi.dll
0x000007fefcbe0000 - 0x000007fefcc3b000 	C:\Windows\system32\DNSAPI.dll
0x000007fef9b70000 - 0x000007fef9b7b000 	C:\Windows\System32\winrnr.dll
0x000007fef9b50000 - 0x000007fef9b65000 	C:\Windows\system32\napinsp.dll
0x000007fef9a00000 - 0x000007fef9a19000 	C:\Windows\system32\pnrpnsp.dll
0x000007fef99f0000 - 0x000007fef9a00000 	C:\Windows\system32\wshbth.dll
0x000007fefc730000 - 0x000007fefc737000 	C:\Windows\System32\wshtcpip.dll
0x000007fefade0000 - 0x000007fefae07000 	C:\Windows\system32\IPHLPAPI.DLL
0x000007fefadd0000 - 0x000007fefaddb000 	C:\Windows\system32\WINNSI.DLL
0x000007fef7bb0000 - 0x000007fef7bb8000 	C:\Windows\system32\rasadhlp.dll
0x000007fefaa10000 - 0x000007fefaa63000 	C:\Windows\System32\fwpuclnt.dll
0x000000006d620000 - 0x000000006d62b000 	C:\Program Files\Java\jre6\bin\nio.dll
0x000000006d210000 - 0x000000006d238000 	C:\Program Files\Java\jre6\bin\dcpr.dll
0x000007fefd4d0000 - 0x000007fefd4e4000 	C:\Windows\system32\RpcRtRemote.dll

VM Arguments:
jvm_args: -Dfile.encoding=UTF-8 
java_command: Main
Launcher Type: SUN_STANDARD

Environment Variables:
JAVA_HOME=C:\Program Files\Java\jdk1.6.0_18
PATH=C:\Windows\system32;C:\Windows;C:\Windows\System32\Wbem;C:\Windows\System32\WindowsPowerShell\v1.0\;C:\MinGW\bin;C:\Program Files\SlikSvn\bin\;C:\Program Files\TortoiseSVN\bin;C:\Program Files (x86)\doxygen\bin;D:\Programmes\apache-ant-1.8.0\bin;C:\Program Files (x86)\ATI Technologies\ATI.ACE\Core-Static;C:\Program Files\Intel\WiFi\bin\;C:\Program Files\Common Files\Intel\WirelessCommon\;C:\Program Files\Java\jdk1.6.0_18\bin;C:\Program Files (x86)\Nmap
USERNAME=Pierre-Do
OS=Windows_NT
PROCESSOR_IDENTIFIER=Intel64 Family 6 Model 23 Stepping 10, GenuineIntel



---------------  S Y S T E M  ---------------

OS: Windows 7 Build 7600 

CPU:total 2 (2 cores per cpu, 1 threads per core) family 6 model 23 stepping 10, cmov, cx8, fxsr, mmx, sse, sse2, sse3, ssse3, sse4.1

Memory: 4k page, physical 3074060k(1313192k free), swap 6146220k(3795364k free)

vm_info: Java HotSpot(TM) 64-Bit Server VM (16.0-b13) for windows-amd64 JRE (1.6.0_18-b07), built on Dec 17 2009 13:24:11 by "java_re" with MS VC++ 8.0 (VS2005)

time: Mon Jun 07 14:01:30 2010
elapsed time: 1103 seconds

