#
# A fatal error has been detected by the Java Runtime Environment:
#
#  EXCEPTION_ACCESS_VIOLATION (0xc0000005) at pc=0x000000006d523dde, pid=1292, tid=2404
#
# JRE version: 6.0_16-b01
# Java VM: Java HotSpot(TM) 64-Bit Server VM (14.2-b01 mixed mode windows-amd64 )
# Problematic frame:
# C  [jsound.dll+0x13dde]
#
# If you would like to submit a bug report, please visit:
#   http://java.sun.com/webapps/bugreport/crash.jsp
# The crash happened outside the Java Virtual Machine in native code.
# See problematic frame for where to report the bug.
#

---------------  T H R E A D  ---------------

Current thread (0x000000003a961800):  JavaThread "Headspace mixer frame proc thread" daemon [_thread_in_native, id=2404, stack(0x0000000043f40000,0x0000000044040000)]

siginfo: ExceptionCode=0xc0000005, reading address 0x0000000044049772

Registers:
EAX=0x0000000000000bf5, EBX=0x00000000001fdb00, ECX=0x0000000000000bf5, EDX=0x0000000000000006
ESP=0x000000004403f190, EBP=0x000000000020c708, ESI=0x0000000000000000, EDI=0x0000000000000000
EIP=0x000000006d523dde, EFLAGS=0x0000000000010206

Top of Stack: (sp=0x000000004403f190)
0x000000004403f190:   0000000000000000 0000000000000018
0x000000004403f1a0:   00000ea0000c0019 00000000001688d0
0x000000004403f1b0:   0000020000001000 000000000020c708
0x000000004403f1c0:   000000003a84f878 0000000000000001
0x000000004403f1d0:   0000000000000000 0000000000000203
0x000000004403f1e0:   0000000000000bf5 0000000000003180
0x000000004403f1f0:   000000003a9619b8 0000000000003180
0x000000004403f200:   00000000001fdb00 000000006d520838
0x000000004403f210:   00000000001fdb00 000000003a9619b8
0x000000004403f220:   0000000000000000 0000000000000000
0x000000004403f230:   0000000000000040 000000003a961800
0x000000004403f240:   000000004403f800 000000003a9619b8
0x000000004403f250:   000000003a9619b8 00000000001fdb00
0x000000004403f260:   0000000000000020 000000003a9619b8
0x000000004403f270:   00000000001ee800 000000006d520bbe
0x000000004403f280:   0000000033b918b4 000000003a9619b8 

Instructions: (pc=0x000000006d523dde)
0x000000006d523dce:   0f 00 00 41 8b c4 41 8b cc c1 e8 0c 48 c1 e9 0c
0x000000006d523dde:   41 0f bf 54 4d 00 ff c0 41 0f bf 4c 45 00 41 8b 


Stack: [0x0000000043f40000,0x0000000044040000],  sp=0x000000004403f190,  free space=1020k
Native frames: (J=compiled Java code, j=interpreted, Vv=VM code, C=native code)
C  [jsound.dll+0x13dde]

Java frames: (J=compiled Java code, j=interpreted, Vv=VM code)
j  com.sun.media.sound.MixerThread.runNative(J)V+0
j  com.sun.media.sound.MixerThread.run()V+5
v  ~StubRoutines::call_stub

---------------  P R O C E S S  ---------------

Java Threads: ( => current thread )
  0x000000003a95f800 JavaThread "Thread-66" [_thread_blocked, id=2292, stack(0x0000000043e20000,0x0000000043f20000)]
  0x000000003a960000 JavaThread "Thread-65" [_thread_blocked, id=2512, stack(0x0000000043b20000,0x0000000043c20000)]
  0x000000003a962000 JavaThread "Thread-41" [_thread_blocked, id=1280, stack(0x000000003ab00000,0x000000003ac00000)]
=>0x000000003a961800 JavaThread "Headspace mixer frame proc thread" daemon [_thread_in_native, id=2404, stack(0x0000000043f40000,0x0000000044040000)]
  0x000000003a95e800 JavaThread "Java Sound Event Dispatcher" daemon [_thread_blocked, id=1316, stack(0x0000000043600000,0x0000000043700000)]
  0x000000003a95c800 JavaThread "Thread-6" [_thread_blocked, id=4488, stack(0x00000000418c0000,0x00000000419c0000)]
  0x000000003e4ac800 JavaThread "TimerQueue" daemon [_thread_blocked, id=2068, stack(0x00000000417c0000,0x00000000418c0000)]
  0x000000003971f800 JavaThread "Thread-5" [_thread_blocked, id=1396, stack(0x00000000416c0000,0x00000000417c0000)]
  0x000000003a926800 JavaThread "Thread-4" [_thread_blocked, id=4860, stack(0x00000000415c0000,0x00000000416c0000)]
  0x000000003a7eb000 JavaThread "Thread-3" [_thread_blocked, id=2628, stack(0x00000000414c0000,0x00000000415c0000)]
  0x000000003ea04800 JavaThread "D3D Screen Updater" daemon [_thread_blocked, id=3724, stack(0x000000003f170000,0x000000003f270000)]
  0x000000000002b000 JavaThread "DestroyJavaVM" [_thread_blocked, id=4500, stack(0x00000000023c0000,0x00000000024c0000)]
  0x000000003bcc7000 JavaThread "AWT-EventQueue-0" [_thread_blocked, id=1308, stack(0x000000003f070000,0x000000003f170000)]
  0x0000000039755800 JavaThread "AWT-Windows" daemon [_thread_in_native, id=3064, stack(0x000000003a600000,0x000000003a700000)]
  0x0000000039755000 JavaThread "AWT-Shutdown" [_thread_blocked, id=3916, stack(0x000000003a500000,0x000000003a600000)]
  0x000000003973c000 JavaThread "Java2D Disposer" daemon [_thread_blocked, id=5052, stack(0x000000003a400000,0x000000003a500000)]
  0x00000000396c8000 JavaThread "Low Memory Detector" daemon [_thread_blocked, id=3432, stack(0x0000000039f20000,0x000000003a020000)]
  0x00000000396bd800 JavaThread "CompilerThread1" daemon [_thread_blocked, id=4732, stack(0x0000000039e20000,0x0000000039f20000)]
  0x00000000396b5800 JavaThread "CompilerThread0" daemon [_thread_blocked, id=4868, stack(0x0000000039d20000,0x0000000039e20000)]
  0x00000000396b4000 JavaThread "Attach Listener" daemon [_thread_blocked, id=3008, stack(0x0000000039c20000,0x0000000039d20000)]
  0x00000000396b3000 JavaThread "Signal Dispatcher" daemon [_thread_blocked, id=4928, stack(0x0000000039b20000,0x0000000039c20000)]
  0x0000000039662000 JavaThread "Finalizer" daemon [_thread_blocked, id=4364, stack(0x0000000039a20000,0x0000000039b20000)]
  0x00000000003c4800 JavaThread "Reference Handler" daemon [_thread_blocked, id=2768, stack(0x0000000039920000,0x0000000039a20000)]

Other Threads:
  0x0000000039660800 VMThread [stack: 0x0000000039820000,0x0000000039920000] [id=1584]
  0x00000000396cc800 WatcherThread [stack: 0x000000003a020000,0x000000003a120000] [id=4688]

VM state:not at safepoint (normal execution)

VM Mutex/Monitor currently owned by a thread: None

Heap
 PSYoungGen      total 11776K, used 9416K [0x0000000029980000, 0x000000002adf0000, 0x0000000039180000)
  eden space 10688K, 78% used [0x0000000029980000,0x000000002a1aa2d8,0x000000002a3f0000)
  from space 1088K, 97% used [0x000000002a430000,0x000000002a5380a8,0x000000002a540000)
  to   space 5120K, 0% used [0x000000002a8f0000,0x000000002a8f0000,0x000000002adf0000)
 PSOldGen        total 31744K, used 9683K [0x000000000a980000, 0x000000000c880000, 0x0000000029980000)
  object space 31744K, 30% used [0x000000000a980000,0x000000000b2f4ed8,0x000000000c880000)
 PSPermGen       total 21248K, used 16749K [0x0000000005580000, 0x0000000006a40000, 0x000000000a980000)
  object space 21248K, 78% used [0x0000000005580000,0x00000000065db6e8,0x0000000006a40000)

Dynamic libraries:
0x0000000000400000 - 0x000000000042e000 	C:\Program Files\Java\jre6\bin\javaw.exe
0x0000000077480000 - 0x000000007762b000 	C:\Windows\SYSTEM32\ntdll.dll
0x0000000077360000 - 0x000000007747f000 	C:\Windows\system32\kernel32.dll
0x000007fefd4d0000 - 0x000007fefd53b000 	C:\Windows\system32\KERNELBASE.dll
0x000007fefdcf0000 - 0x000007fefddcb000 	C:\Windows\system32\ADVAPI32.dll
0x000007fefda60000 - 0x000007fefdaff000 	C:\Windows\system32\msvcrt.dll
0x000007feff170000 - 0x000007feff18f000 	C:\Windows\SYSTEM32\sechost.dll
0x000007feff260000 - 0x000007feff38e000 	C:\Windows\system32\RPCRT4.dll
0x0000000077260000 - 0x000000007735a000 	C:\Windows\system32\USER32.dll
0x000007feff3e0000 - 0x000007feff447000 	C:\Windows\system32\GDI32.dll
0x000007fefeee0000 - 0x000007fefeeee000 	C:\Windows\system32\LPK.dll
0x000007fefdb10000 - 0x000007fefdbda000 	C:\Windows\system32\USP10.dll
0x000007feff190000 - 0x000007feff1be000 	C:\Windows\system32\IMM32.DLL
0x000007fefdbe0000 - 0x000007fefdce9000 	C:\Windows\system32\MSCTF.dll
0x0000000a01300000 - 0x0000000a01305000 	C:\Windows\system32\avgrssta.dll
0x000000006d7f0000 - 0x000000006de4d000 	C:\Program Files\Java\jre6\bin\server\jvm.dll
0x000007fef5c70000 - 0x000007fef5cab000 	C:\Windows\system32\WINMM.dll
0x000000006d760000 - 0x000000006d76e000 	C:\Program Files\Java\jre6\bin\verify.dll
0x000000006d3b0000 - 0x000000006d3d7000 	C:\Program Files\Java\jre6\bin\java.dll
0x000000006d310000 - 0x000000006d31a000 	C:\Program Files\Java\jre6\bin\hpi.dll
0x0000000077640000 - 0x0000000077647000 	C:\Windows\system32\PSAPI.DLL
0x000000006d7b0000 - 0x000000006d7c2000 	C:\Program Files\Java\jre6\bin\zip.dll
0x000000006d000000 - 0x000000006d1c1000 	C:\Program Files\Java\jre6\bin\awt.dll
0x000007fefa290000 - 0x000007fefa300000 	C:\Windows\system32\WINSPOOL.DRV
0x000007fefeef0000 - 0x000007feff0f1000 	C:\Windows\system32\ole32.dll
0x000007fefe0d0000 - 0x000007fefee56000 	C:\Windows\system32\SHELL32.dll
0x000007fefdfb0000 - 0x000007fefe021000 	C:\Windows\system32\SHLWAPI.dll
0x000007fefc010000 - 0x000007fefc204000 	C:\Windows\WinSxS\amd64_microsoft.windows.common-controls_6595b64144ccf1df_6.0.7600.16385_none_fa645303170382f6\comctl32.dll
0x000007fefb860000 - 0x000007fefb878000 	C:\Windows\system32\DWMAPI.DLL
0x000007fefbc90000 - 0x000007fefbce6000 	C:\Windows\system32\uxtheme.dll
0x000007fefd330000 - 0x000007fefd33f000 	C:\Windows\system32\CRYPTBASE.dll
0x000000006d2a0000 - 0x000000006d30b000 	C:\Program Files\Java\jre6\bin\fontmanager.dll
0x000007feec7a0000 - 0x000007feec99f000 	C:\Windows\system32\d3d9.dll
0x000007fefc550000 - 0x000007fefc55c000 	C:\Windows\system32\VERSION.dll
0x000007fef07a0000 - 0x000007fef07a7000 	C:\Windows\system32\d3d8thk.dll
0x000007fef4ca0000 - 0x000007fef4cad000 	C:\Windows\system32\atiu9p64.dll
0x000000003adf0000 - 0x000000003b227000 	C:\Windows\system32\atiumd64.dll
0x000000003b330000 - 0x000000003b5a1000 	C:\Windows\system32\atiumd6a.dll
0x000000006d600000 - 0x000000006d617000 	C:\Program Files\Java\jre6\bin\net.dll
0x000007feff390000 - 0x000007feff3dd000 	C:\Windows\system32\WS2_32.dll
0x000007fefdb00000 - 0x000007fefdb08000 	C:\Windows\system32\NSI.dll
0x000007fefcc40000 - 0x000007fefcc94000 	C:\Windows\system32\mswsock.dll
0x000007fefceb0000 - 0x000007fefceb7000 	C:\Windows\System32\wship6.dll
0x000000006d620000 - 0x000000006d62b000 	C:\Program Files\Java\jre6\bin\nio.dll
0x000000006d210000 - 0x000000006d238000 	C:\Program Files\Java\jre6\bin\dcpr.dll
0x000007feff450000 - 0x000007feff527000 	C:\Windows\system32\OLEAUT32.DLL
0x000000006d510000 - 0x000000006d53e000 	C:\Program Files\Java\jre6\bin\jsound.dll
0x000007fefb880000 - 0x000007fefb8cb000 	C:\Windows\system32\MMDevAPI.DLL
0x000007fefbcf0000 - 0x000007fefbe1c000 	C:\Windows\system32\PROPSYS.dll
0x000007fef37d0000 - 0x000007fef380b000 	C:\Windows\system32\wdmaud.drv
0x0000000072bb0000 - 0x0000000072bb6000 	C:\Windows\system32\ksuser.dll
0x000007fefb760000 - 0x000007fefb769000 	C:\Windows\system32\AVRT.dll
0x000007fefddd0000 - 0x000007fefdfa7000 	C:\Windows\system32\SETUPAPI.dll
0x000007fefd750000 - 0x000007fefd786000 	C:\Windows\system32\CFGMGR32.dll
0x000007fefd790000 - 0x000007fefd7aa000 	C:\Windows\system32\DEVOBJ.dll
0x000007fef4dd0000 - 0x000007fef4e1f000 	C:\Windows\system32\AUDIOSES.DLL
0x000007fef4e40000 - 0x000007fef4e4a000 	C:\Windows\system32\msacm32.drv
0x000007fef4db0000 - 0x000007fef4dc8000 	C:\Windows\system32\MSACM32.dll
0x000007fef4da0000 - 0x000007fef4da9000 	C:\Windows\system32\midimap.dll
0x000007fefe030000 - 0x000007fefe0c9000 	C:\Windows\system32\CLBCatQ.DLL

VM Arguments:
jvm_args: -Dfile.encoding=UTF-8 
java_command: Main
Launcher Type: SUN_STANDARD

Environment Variables:
PATH=C:\Program Files (x86)\MiKTeX 2.8\miktex\bin;C:\GNAT\2009\bin;C:\GNAT\2009\libexec\i686-pc-mingw32\4.3.4;C:\Windows\System32;C:\Windows\system32;C:\Windows;C:\Windows\System32\Wbem;C:\Windows\System32\WindowsPowerShell\v1.0\;C:\Program Files\Java\jdk1.6.0_16\bin;C:\Program Files (x86)\ATI Technologies\ATI.ACE\Core-Static;C:\Program Files\SlikSvn\bin\;C:\Dev-Cpp\bin;C:\cygwin\bin;C:\Program Files\Intel\WiFi\bin\;C:\Program Files\Common Files\Intel\WirelessCommon\;C:\MinGW\libexec\gcc\mingw32\3.4.5;C:\MinGW\bin;C:\Program Files (x86)\Haskell\bin;C:\ghc\ghc-6.10.4\bin;C:\MinGW\libexec\gcc\mingw32\3.4.5
USERNAME=Pierre-Do
OS=Windows_NT
PROCESSOR_IDENTIFIER=Intel64 Family 6 Model 23 Stepping 10, GenuineIntel



---------------  S Y S T E M  ---------------

OS: Windows 7 Build 7600 

CPU:total 2 (2 cores per cpu, 1 threads per core) family 6 model 23 stepping 10, cmov, cx8, fxsr, mmx, sse, sse2, sse3, ssse3, sse4.1

Memory: 4k page, physical 3039244k(1200416k free), swap 6076592k(2882216k free)

vm_info: Java HotSpot(TM) 64-Bit Server VM (14.2-b01) for windows-amd64 JRE (1.6.0_16-b01), built on Jul 31 2009 05:24:11 by "java_re" with MS VC++ 8.0

time: Fri Jan 15 13:01:46 2010
elapsed time: 48 seconds

